2025-10-28T11:00:46.761Z - POST /api/v1/auth/signup
2025-10-28T11:02:52.158Z - POST /api/v1/auth/login
2025-10-28T11:05:09.059Z - POST /api/v1/auth/signup
2025-10-28T11:09:52.496Z - POST /api/v1/auth/signup
2025-10-28T11:10:02.129Z - POST /api/v1/auth/signup
2025-10-28T11:10:26.984Z - POST /api/v1/auth/login
2025-10-28T11:14:17.833Z - POST /api/v1/auth/signup
2025-10-28T11:15:52.583Z - POST /api/v1/auth/signup
2025-10-28T11:18:13.964Z - POST /api/v1/auth/login
2025-10-28T11:18:18.680Z - POST /api/v1/auth/login
2025-10-28T11:32:43.195Z - POST /api/v1/artworks/upload-image
2025-10-28T11:37:24.779Z - POST /api/v1/artworks
2025-10-28T14:40:39.649Z - GET /api/v1/artworks/search?page=1&limit=12
2025-10-28T14:40:39.746Z - GET /api/v1/artworks/search?page=1&limit=12
2025-10-28T14:41:54.303Z - GET /api/v1/artworks/search?page=1&limit=12
2025-10-28T14:41:54.329Z - GET /api/v1/artworks/search?page=1&limit=12
2025-10-28T14:42:13.581Z - GET /api/v1/artworks/search?page=1&limit=12
2025-10-28T14:42:13.606Z - GET /api/v1/artworks/search?page=1&limit=12
2025-10-28T14:42:26.654Z - GET /api/v1/artworks/search?page=1&limit=12
2025-10-28T14:42:26.676Z - GET /api/v1/artworks/search?page=1&limit=12
2025-10-28T14:42:34.476Z - GET /api/v1/artworks/search?page=1&limit=12
2025-10-28T14:42:34.504Z - GET /api/v1/artworks/search?page=1&limit=12
2025-10-28T14:42:41.230Z - GET /api/v1/artworks/search?page=1&limit=12
2025-10-28T14:42:41.252Z - GET /api/v1/artworks/search?page=1&limit=12
2025-10-28T14:43:19.156Z - GET /api/v1/artworks/search?page=1&limit=12
2025-10-28T14:43:19.184Z - GET /api/v1/artworks/search?page=1&limit=12
2025-10-28T14:43:19.218Z - GET /api/v1/artworks/search?page=1&limit=12
2025-10-28T14:43:19.237Z - GET /api/v1/artworks/search?page=1&limit=12
2025-10-28T14:43:43.453Z - GET /api/v1/artworks/search?page=1&limit=12
2025-10-28T14:43:43.490Z - GET /api/v1/artworks/search?page=1&limit=12
2025-10-28T14:43:43.517Z - GET /api/v1/artworks/search?page=1&limit=12
2025-10-28T14:43:53.039Z - GET /api/v1/artworks/search?page=1&limit=12
2025-10-28T14:43:53.057Z - GET /api/v1/artworks/search?page=1&limit=12
2025-10-28T14:43:54.532Z - GET /api/v1/artworks/search?page=1&limit=12
2025-10-28T14:43:54.557Z - GET /api/v1/artworks/search?page=1&limit=12
2025-10-28T14:50:03.890Z - GET /api/v1/artworks/search?page=1&limit=12
2025-10-28T14:50:03.914Z - GET /api/v1/artworks/search?page=1&limit=12
2025-10-28T14:50:50.066Z - GET /api/v1/artworks/search?medium=Digital&page=1&limit=12
2025-10-28T14:50:52.843Z - GET /api/v1/artworks/search?medium=Photography&page=1&limit=12
2025-10-28T14:50:55.577Z - GET /api/v1/artworks/search?medium=Watercolor&page=1&limit=12
2025-10-28T14:50:57.942Z - GET /api/v1/artworks/search?medium=Oil&page=1&limit=12
2025-10-28T14:51:00.069Z - GET /api/v1/artworks/search?medium=Sculpture&page=1&limit=12
2025-10-28T14:51:46.672Z - GET /api/v1/artworks/search?medium=Sculpture&page=1&limit=12
2025-10-28T14:52:14.548Z - GET /api/v1/artworks/search?medium=Sculpture&page=1&limit=12
2025-10-28T15:39:36.689Z - GET /api/v1/artworks/search?page=1&limit=12
2025-10-28T15:39:36.717Z - GET /api/v1/artworks/search?page=1&limit=12
2025-10-28T15:39:40.409Z - GET /api/v1/artworks/69008f1298ddfc88eb4ca50d
2025-10-28T15:39:40.502Z - GET /api/v1/artworks/69008f1298ddfc88eb4ca50d
2025-10-28T15:44:28.311Z - GET /api/v1/artworks/69008f1298ddfc88eb4ca50d
2025-10-28T15:45:11.308Z - GET /api/v1/artworks/69008f1298ddfc88eb4ca50d
2025-10-28T15:45:20.309Z - GET /api/v1/artworks/69008f1298ddfc88eb4ca50d
2025-10-28T15:45:34.165Z - GET /api/v1/community/posts?page=1&limit=10
2025-10-28T15:45:34.176Z - GET /api/v1/community/posts?page=1&limit=10
2025-10-28T15:48:01.168Z - POST /api/v1/artworks/upload-image
2025-10-28T15:48:01.212Z - POST /api/v1/artworks
2025-10-28T15:50:26.600Z - GET /api/v1/artworks/search?limit=50
2025-10-28T15:50:26.633Z - GET /api/v1/artworks/search?limit=50
2025-10-28T15:56:16.284Z - GET /api/v1/artworks/search?limit=50
2025-10-28T15:59:29.676Z - GET /api/v1/artworks/search?limit=50
2025-10-28T15:59:29.701Z - GET /api/v1/artworks/search?limit=50
2025-10-28T16:12:12.099Z - GET /attendance/by_id/0a58b1c6-6ea8-427d-bcd5-c6faae85c39a
2025-10-28T16:12:12.777Z - GET /attendance/by_id/0a58b1c6-6ea8-427d-bcd5-c6faae85c39a
2025-10-28T16:12:13.481Z - GET /attendance/by_id/0a58b1c6-6ea8-427d-bcd5-c6faae85c39a
2025-10-28T16:12:13.968Z - GET /attendance/by_id/0a58b1c6-6ea8-427d-bcd5-c6faae85c39a
2025-10-28T16:12:14.143Z - GET /tasks/by-date?user_id=0a58b1c6-6ea8-427d-bcd5-c6faae85c39a&date=2025-10-28
2025-10-28T16:12:27.459Z - POST /tasks
2025-10-28T16:12:33.194Z - POST /tasks
2025-10-28T16:42:13.956Z - POST /tasks
2025-10-28T16:47:23.987Z - GET /attendance/by_id/584c764e-9c2d-40db-aa7e-86b9ff3a5fc0
2025-10-28T16:47:24.220Z - GET /attendance/team?start_date=2025-10-26&end_date=2025-11-01
2025-10-28T16:47:24.223Z - GET /attendance/by_id/584c764e-9c2d-40db-aa7e-86b9ff3a5fc0
2025-10-28T16:47:24.383Z - GET /attendance/by_id/584c764e-9c2d-40db-aa7e-86b9ff3a5fc0
2025-10-28T16:47:37.366Z - GET /attendance/team?start_date=2025-10-26&end_date=2025-11-01
2025-10-28T16:47:38.090Z - GET /attendance/by_id/584c764e-9c2d-40db-aa7e-86b9ff3a5fc0
2025-10-28T16:50:14.276Z - GET /attendance/by_id/584c764e-9c2d-40db-aa7e-86b9ff3a5fc0
2025-10-28T16:50:25.368Z - GET /attendance/by_id/584c764e-9c2d-40db-aa7e-86b9ff3a5fc0
2025-10-28T16:50:52.111Z - GET /attendance/by_id/0a58b1c6-6ea8-427d-bcd5-c6faae85c39a
2025-10-28T16:50:52.150Z - GET /tasks/by-date?user_id=0a58b1c6-6ea8-427d-bcd5-c6faae85c39a&date=2025-10-28
2025-10-28T16:50:52.663Z - GET /attendance/by_id/0a58b1c6-6ea8-427d-bcd5-c6faae85c39a
2025-10-28T16:50:54.156Z - GET /attendance/by_id/0a58b1c6-6ea8-427d-bcd5-c6faae85c39a
2025-10-28T16:50:54.290Z - GET /attendance/by_id/0a58b1c6-6ea8-427d-bcd5-c6faae85c39a
2025-10-28T16:50:55.743Z - GET /attendance/team?start_date=2025-10-26&end_date=2025-11-01
2025-10-28T16:51:06.838Z - GET /attendance/by_id/0a58b1c6-6ea8-427d-bcd5-c6faae85c39a
2025-10-28T16:51:10.200Z - GET /leaves/get-user-leaves-request/0a58b1c6-6ea8-427d-bcd5-c6faae85c39a
2025-10-28T16:51:10.225Z - GET /leaves/get-user-leaves-record/0a58b1c6-6ea8-427d-bcd5-c6faae85c39a/2025
2025-10-28T16:51:10.391Z - GET /leaves/get-user-leaves-record/0a58b1c6-6ea8-427d-bcd5-c6faae85c39a/2025
2025-10-28T16:51:10.481Z - GET /leaves/get-user-leaves-request/0a58b1c6-6ea8-427d-bcd5-c6faae85c39a
2025-10-28T16:52:19.743Z - POST /api/v1/auth/login
2025-10-28T16:52:41.554Z - POST /api/v1/auth/signup
2025-10-28T16:52:53.407Z - GET /api/v1/artworks/search?page=1&limit=12
2025-10-28T16:52:53.444Z - GET /api/v1/artworks/search?page=1&limit=12
2025-10-28T16:53:07.907Z - GET /api/v1/artworks/search?limit=50
2025-10-28T16:53:07.926Z - GET /api/v1/artworks/search?limit=50
2025-10-28T16:53:11.287Z - GET /api/v1/community/posts?page=1&limit=10
2025-10-28T16:53:11.291Z - GET /api/v1/community/posts?page=1&limit=10
2025-10-28T16:53:18.262Z - GET /api/v1/artworks/search?limit=50
2025-10-28T16:53:18.288Z - GET /api/v1/artworks/search?limit=50
2025-10-28T16:53:28.807Z - GET /api/v1/community/posts?page=1&limit=10
2025-10-28T16:53:28.811Z - GET /api/v1/community/posts?page=1&limit=10
2025-10-28T16:53:34.083Z - GET /api/v1/artworks/search?page=1&limit=12
2025-10-28T16:53:34.101Z - GET /api/v1/artworks/search?page=1&limit=12
2025-10-28T16:53:45.390Z - GET /api/v1/community/posts?page=1&limit=10
2025-10-28T16:53:45.394Z - GET /api/v1/community/posts?page=1&limit=10
2025-10-28T16:53:53.936Z - GET /api/v1/artworks/search?page=1&limit=12
2025-10-28T16:53:53.953Z - GET /api/v1/artworks/search?page=1&limit=12
2025-10-28T16:54:04.025Z - GET /api/v1/artworks/search?limit=50
2025-10-28T16:54:04.043Z - GET /api/v1/artworks/search?limit=50
2025-10-28T16:54:19.622Z - GET /api/v1/community/posts?page=1&limit=10
2025-10-28T16:54:19.626Z - GET /api/v1/community/posts?page=1&limit=10
2025-10-28T16:54:20.993Z - GET /api/v1/artworks/search?page=1&limit=12
2025-10-28T16:54:21.010Z - GET /api/v1/artworks/search?page=1&limit=12
2025-10-28T16:55:30.003Z - GET /api/v1/artworks/search?limit=50
2025-10-28T16:55:30.022Z - GET /api/v1/artworks/search?limit=50
2025-10-28T16:55:31.033Z - GET /api/v1/community/posts?page=1&limit=10
2025-10-28T16:55:31.036Z - GET /api/v1/community/posts?page=1&limit=10
2025-10-28T17:04:26.845Z - GET /api/v1/community/posts?page=1&limit=10
2025-10-28T17:04:26.848Z - GET /api/v1/community/posts?page=1&limit=10
2025-10-28T17:04:27.830Z - GET /api/v1/community/posts?page=1&limit=10
2025-10-28T17:04:27.833Z - GET /api/v1/community/posts?page=1&limit=10
2025-10-28T17:04:28.028Z - GET /api/v1/community/posts?page=1&limit=10
2025-10-28T17:04:28.031Z - GET /api/v1/community/posts?page=1&limit=10
2025-10-28T17:04:28.264Z - GET /api/v1/community/posts?page=1&limit=10
2025-10-28T17:04:28.267Z - GET /api/v1/community/posts?page=1&limit=10
2025-10-28T17:04:28.430Z - GET /api/v1/community/posts?page=1&limit=10
2025-10-28T17:04:28.433Z - GET /api/v1/community/posts?page=1&limit=10
2025-10-28T17:04:28.583Z - GET /api/v1/community/posts?page=1&limit=10
2025-10-28T17:04:28.585Z - GET /api/v1/community/posts?page=1&limit=10
2025-10-28T17:04:28.763Z - GET /api/v1/community/posts?page=1&limit=10
2025-10-28T17:04:28.765Z - GET /api/v1/community/posts?page=1&limit=10
2025-10-28T17:04:28.913Z - GET /api/v1/community/posts?page=1&limit=10
2025-10-28T17:04:28.916Z - GET /api/v1/community/posts?page=1&limit=10
2025-10-28T17:04:29.091Z - GET /api/v1/community/posts?page=1&limit=10
2025-10-28T17:04:29.094Z - GET /api/v1/community/posts?page=1&limit=10
2025-10-28T17:04:29.276Z - GET /api/v1/community/posts?page=1&limit=10
2025-10-28T17:04:29.280Z - GET /api/v1/community/posts?page=1&limit=10
2025-10-28T17:04:29.513Z - GET /api/v1/community/posts?page=1&limit=10
2025-10-28T17:04:29.516Z - GET /api/v1/community/posts?page=1&limit=10
2025-10-28T17:04:31.800Z - GET /api/v1/artworks/search?page=1&limit=12
2025-10-28T17:04:31.814Z - GET /api/v1/artworks/search?page=1&limit=12
2025-10-28T17:09:07.284Z - GET /api/v1/artworks/search?page=1&limit=12
2025-10-28T17:09:07.297Z - GET /api/v1/artworks/search?page=1&limit=12
2025-10-31T06:25:12.477Z - POST /api/v1/auth/signup
2025-10-31T06:25:30.295Z - GET /api/v1/artworks/search?page=1&limit=12
2025-10-31T06:25:30.344Z - GET /api/v1/artworks/search?page=1&limit=12
2025-10-31T06:25:38.990Z - GET /api/v1/artworks/search?limit=50
2025-10-31T06:25:39.025Z - GET /api/v1/artworks/search?limit=50
2025-10-31T06:25:55.897Z - GET /api/v1/artworks/search?limit=50
2025-10-31T06:25:55.920Z - GET /api/v1/artworks/search?limit=50
2025-10-31T06:26:00.404Z - GET /api/v1/community/posts?page=1&limit=10
2025-10-31T06:26:00.410Z - GET /api/v1/community/posts?page=1&limit=10
2025-10-31T06:26:02.476Z - GET /api/v1/artworks/search?page=1&limit=12
2025-10-31T06:26:02.502Z - GET /api/v1/artworks/search?page=1&limit=12
2025-10-31T06:35:14.262Z - GET /api/v1/artworks/search?limit=50
2025-10-31T06:35:14.291Z - GET /api/v1/artworks/search?limit=50
2025-10-31T06:35:47.484Z - GET /api/v1/community/posts?page=1&limit=10
2025-10-31T06:35:47.489Z - GET /api/v1/community/posts?page=1&limit=10
2025-10-31T06:35:50.082Z - GET /api/v1/artworks/search?limit=50
2025-10-31T06:35:50.109Z - GET /api/v1/artworks/search?limit=50
2025-10-31T06:36:07.182Z - GET /api/v1/artworks/search?limit=50
2025-10-31T06:36:07.204Z - GET /api/v1/artworks/search?limit=50
2025-10-31T07:22:36.655Z - GET /api/v1/artworks/search?page=1&limit=12
2025-10-31T07:22:36.686Z - GET /api/v1/artworks/search?page=1&limit=12
2025-10-31T07:22:45.306Z - GET /api/v1/community/posts?page=1&limit=10
2025-10-31T07:22:45.313Z - GET /api/v1/community/posts?page=1&limit=10
2025-10-31T07:23:20.204Z - GET /api/v1/artworks/search?page=1&limit=12
2025-10-31T07:23:20.232Z - GET /api/v1/artworks/search?page=1&limit=12
2025-10-31T07:24:13.086Z - GET /api/v1/artworks/search?page=1&limit=12
2025-10-31T07:24:17.638Z - GET /api/v1/artworks/search?page=1&limit=12
2025-10-31T07:24:17.661Z - GET /api/v1/artworks/search?page=1&limit=12
2025-10-31T07:24:28.104Z - GET /api/v1/artworks/search?page=1&limit=12
2025-10-31T07:24:40.204Z - GET /api/v1/artworks/search?medium=Sculpture&page=1&limit=12
2025-10-31T07:24:54.096Z - GET /api/v1/artworks/search?medium=Sculpture&page=1&limit=12
2025-10-31T07:24:58.033Z - GET /api/v1/artworks/search?page=1&limit=12
2025-10-31T07:24:58.060Z - GET /api/v1/artworks/search?page=1&limit=12
2025-10-31T07:43:54.412Z - GET /api/v1/community/posts?page=1&limit=10
2025-10-31T07:43:54.416Z - GET /api/v1/community/posts?page=1&limit=10
2025-10-31T07:45:22.055Z - GET /api/v1/artworks/search?page=1&limit=12
2025-10-31T07:45:22.083Z - GET /api/v1/artworks/search?page=1&limit=12
2025-10-31T07:47:17.147Z - GET /api/v1/artworks/search?medium=Photography&page=1&limit=12
2025-10-31T07:47:18.181Z - GET /api/v1/artworks/search?medium=Watercolor&page=1&limit=12
2025-10-31T07:47:21.087Z - GET /api/v1/artworks/search?medium=Oil&page=1&limit=12
2025-10-31T07:47:23.096Z - GET /api/v1/artworks/search?medium=Digital&page=1&limit=12
2025-10-31T07:47:24.034Z - GET /api/v1/artworks/search?medium=Acrylic&page=1&limit=12
2025-10-31T07:47:25.155Z - GET /api/v1/artworks/search?medium=Sculpture&page=1&limit=12
2025-10-31T07:49:43.000Z - GET /api/v1/community/posts?page=1&limit=10
2025-10-31T07:49:43.035Z - GET /api/v1/community/posts?page=1&limit=10
2025-10-31T07:50:16.687Z - GET /api/v1/artworks/search?page=1&limit=12
2025-10-31T07:50:16.734Z - GET /api/v1/artworks/search?page=1&limit=12
2025-10-31T07:51:30.292Z - GET /api/v1/community/posts?page=1&limit=10
2025-10-31T07:51:30.298Z - GET /api/v1/community/posts?page=1&limit=10
2025-10-31T07:51:38.984Z - GET /api/v1/artworks/search?limit=50
2025-10-31T07:51:39.008Z - GET /api/v1/artworks/search?limit=50
2025-10-31T07:51:53.325Z - GET /api/v1/community/posts?page=1&limit=10
2025-10-31T07:51:53.346Z - GET /api/v1/community/posts?page=1&limit=10
2025-10-31T07:59:43.130Z - GET /api/v1/artworks/search?page=1&limit=12
2025-10-31T07:59:43.153Z - GET /api/v1/artworks/search?page=1&limit=12
2025-10-31T08:18:04.147Z - GET /api/v1/artworks/search?page=1&limit=12
2025-10-31T08:18:04.280Z - GET /api/v1/artworks/search?page=1&limit=12
2025-10-31T08:18:32.478Z - GET /api/v1/community/posts?page=1&limit=10
2025-10-31T08:18:32.492Z - GET /api/v1/community/posts?page=1&limit=10
2025-10-31T08:18:39.575Z - GET /api/v1/artworks/search?limit=50
2025-10-31T08:18:39.625Z - GET /api/v1/artworks/search?limit=50
2025-10-31T08:18:51.538Z - GET /api/v1/artworks/search?limit=50
2025-10-31T08:18:51.568Z - GET /api/v1/artworks/search?limit=50
2025-10-31T08:19:06.763Z - GET /api/v1/artworks/search?page=1&limit=12
2025-10-31T08:19:06.811Z - GET /api/v1/artworks/search?page=1&limit=12
2025-10-31T08:19:16.254Z - GET /api/v1/community/posts?page=1&limit=10
2025-10-31T08:19:16.268Z - GET /api/v1/community/posts?page=1&limit=10
2025-10-31T08:21:19.014Z - POST /api/v1/artworks/upload-image
2025-10-31T08:21:19.143Z - POST /api/v1/artworks
2025-10-31T08:21:30.794Z - POST /api/v1/auth/login
2025-10-31T08:21:41.097Z - POST /api/v1/auth/login
2025-10-31T08:21:42.244Z - POST /api/v1/auth/login
2025-10-31T08:22:23.458Z - POST /api/v1/auth/signup
2025-10-31T08:22:29.761Z - GET /api/v1/community/posts?page=1&limit=10
2025-10-31T08:22:29.765Z - GET /api/v1/community/posts?page=1&limit=10
2025-10-31T08:23:07.688Z - POST /api/v1/auth/login
2025-10-31T08:25:22.569Z - POST /api/v1/auth/signup
2025-10-31T08:25:34.811Z - POST /api/v1/auth/login
2025-10-31T08:53:09.438Z - GET /api/v1/community/posts?page=1&limit=10
2025-10-31T08:53:09.443Z - GET /api/v1/community/posts?page=1&limit=10
2025-10-31T08:53:33.648Z - GET /api/v1/artworks/search?page=1&limit=12
2025-10-31T08:53:33.693Z - GET /api/v1/artworks/search?page=1&limit=12
2025-10-31T08:53:36.386Z - GET /api/v1/community/posts?page=1&limit=10
2025-10-31T08:53:36.392Z - GET /api/v1/community/posts?page=1&limit=10
2025-10-31T08:53:47.056Z - GET /api/v1/artworks/search?limit=50
2025-10-31T08:53:47.084Z - GET /api/v1/artworks/search?limit=50
2025-10-31T08:54:04.107Z - GET /api/v1/community/posts?page=1&limit=10
2025-10-31T08:54:04.122Z - GET /api/v1/community/posts?page=1&limit=10
2025-10-31T08:58:53.262Z - POST /api/v1/artworks/upload-image
2025-10-31T08:58:53.435Z - POST /api/v1/artworks
2025-10-31T08:59:14.051Z - GET /api/v1/artworks/search?page=1&limit=12
2025-10-31T08:59:14.112Z - GET /api/v1/artworks/search?page=1&limit=12
2025-10-31T09:22:23.225Z - GET /api/v1/artworks/search?page=1&limit=12
2025-10-31T09:22:23.219Z - GET /api/v1/artworks/search?page=1&limit=12
2025-10-31T09:24:27.668Z - POST /api/v1/artworks/upload-image
2025-10-31T09:24:31.022Z - POST /api/v1/artworks
